<?xml version="1.0" encoding="UTF-8"?>
<!-- Generated by org.testng.reporters.JUnitXMLReporter -->
<testsuite hostname="LAPTOP-1VIB96O1" ignored="0" name="Default test" tests="5" failures="0" timestamp="2021-12-06T19:39:23 IST" time="15.552" errors="0">
  <testcase name="get" time="12.442" classname="com.cg.tests.LocalAPITest"/>
  <testcase name="post" time="0.515" classname="com.cg.tests.LocalAPITest"/>
  <testcase name="put" time="0.11" classname="com.cg.tests.LocalAPITest"/>
  <testcase name="patch" time="0.12" classname="com.cg.tests.LocalAPITest"/>
  <testcase name="delete" time="0.083" classname="com.cg.tests.LocalAPITest"/>
</testsuite> <!-- Default test -->
