<?xml version="1.0" encoding="UTF-8"?>
<!-- Generated by org.testng.reporters.JUnitXMLReporter -->
<testsuite hostname="LAPTOP-1VIB96O1" ignored="0" name="Default test" tests="3" failures="0" timestamp="2021-12-06T17:22:45 IST" time="15.748" errors="0">
  <testcase name="putID" time="9.94" classname="com.cg.tests.PutPatchDelete"/>
  <testcase name="patchID" time="2.302" classname="com.cg.tests.PutPatchDelete"/>
  <testcase name="deleteID" time="0.932" classname="com.cg.tests.PutPatchDelete"/>
</testsuite> <!-- Default test -->
