<?xml version="1.0" encoding="UTF-8"?>
<testng-results skipped="0" failed="0" ignored="0" total="5" passed="5">
  <reporter-output>
  </reporter-output>
  <suite name="Default suite" duration-ms="15552" started-at="2021-12-06T19:39:08 IST" finished-at="2021-12-06T19:39:23 IST">
    <groups>
    </groups>
    <test name="Default test" duration-ms="15552" started-at="2021-12-06T19:39:08 IST" finished-at="2021-12-06T19:39:23 IST">
      <class name="com.cg.tests.LocalAPITest">
        <test-method status="PASS" signature="setUp()[pri:0, instance:com.cg.tests.LocalAPITest@3cb1ffe6]" name="setUp" is-config="true" duration-ms="2038" started-at="2021-12-06T19:39:08 IST" finished-at="2021-12-06T19:39:10 IST">
          <reporter-output>
          </reporter-output>
        </test-method> <!-- setUp -->
        <test-method status="PASS" signature="get()[pri:0, instance:com.cg.tests.LocalAPITest@3cb1ffe6]" name="get" duration-ms="12442" started-at="2021-12-06T19:39:10 IST" finished-at="2021-12-06T19:39:22 IST">
          <reporter-output>
          </reporter-output>
        </test-method> <!-- get -->
        <test-method status="PASS" signature="post()[pri:1, instance:com.cg.tests.LocalAPITest@3cb1ffe6]" name="post" duration-ms="515" started-at="2021-12-06T19:39:23 IST" finished-at="2021-12-06T19:39:23 IST">
          <reporter-output>
          </reporter-output>
        </test-method> <!-- post -->
        <test-method status="PASS" signature="put()[pri:2, instance:com.cg.tests.LocalAPITest@3cb1ffe6]" name="put" duration-ms="110" started-at="2021-12-06T19:39:23 IST" finished-at="2021-12-06T19:39:23 IST">
          <reporter-output>
          </reporter-output>
        </test-method> <!-- put -->
        <test-method status="PASS" signature="patch()[pri:3, instance:com.cg.tests.LocalAPITest@3cb1ffe6]" name="patch" duration-ms="120" started-at="2021-12-06T19:39:23 IST" finished-at="2021-12-06T19:39:23 IST">
          <reporter-output>
          </reporter-output>
        </test-method> <!-- patch -->
        <test-method status="PASS" signature="delete()[pri:4, instance:com.cg.tests.LocalAPITest@3cb1ffe6]" name="delete" duration-ms="83" started-at="2021-12-06T19:39:23 IST" finished-at="2021-12-06T19:39:23 IST">
          <reporter-output>
          </reporter-output>
        </test-method> <!-- delete -->
      </class> <!-- com.cg.tests.LocalAPITest -->
    </test> <!-- Default test -->
  </suite> <!-- Default suite -->
</testng-results>
